<?xml version="1.0" encoding="UTF-8" ?>
<testsuite errors="0" failures="2" hostname="new-host-3.home" name="test.evaluador.Sintaxis.TestEval" tests="49" time="0.061" timestamp="2012-06-05T20:07:40">
  <properties>
    <property name="java.vendor" value="Apple Inc." />
    <property name="sun.java.launcher" value="SUN_STANDARD" />
    <property name="jikes.class.path" value=":/System/Library/Java/JavaVirtualMachines/1.6.0.jdk/Contents/Home/../Classes/alt-rt.jar:/System/Library/Java/JavaVirtualMachines/1.6.0.jdk/Contents/Home/../Classes/alt-string.jar:/System/Library/Java/JavaVirtualMachines/1.6.0.jdk/Contents/Home/../Classes/charsets.jar:/System/Library/Java/JavaVirtualMachines/1.6.0.jdk/Contents/Home/../Classes/classes.jar:/System/Library/Java/JavaVirtualMachines/1.6.0.jdk/Contents/Home/../Classes/dt.jar:/System/Library/Java/JavaVirtualMachines/1.6.0.jdk/Contents/Home/../Classes/jce.jar:/System/Library/Java/JavaVirtualMachines/1.6.0.jdk/Contents/Home/../Classes/jconsole.jar:/System/Library/Java/JavaVirtualMachines/1.6.0.jdk/Contents/Home/../Classes/jsse.jar:/System/Library/Java/JavaVirtualMachines/1.6.0.jdk/Contents/Home/../Classes/management-agent.jar:/System/Library/Java/JavaVirtualMachines/1.6.0.jdk/Contents/Home/../Classes/ui.jar" />
    <property name="sun.management.compiler" value="HotSpot 64-Bit Tiered Compilers" />
    <property name="build.style" value="etc/xsl" />
    <property name="os.name" value="Mac OS X" />
    <property name="sun.boot.class.path" value="/System/Library/Java/JavaVirtualMachines/1.6.0.jdk/Contents/Classes/jsfd.jar:/System/Library/Java/JavaVirtualMachines/1.6.0.jdk/Contents/Classes/classes.jar:/System/Library/Frameworks/JavaVM.framework/Frameworks/JavaRuntimeSupport.framework/Resources/Java/JavaRuntimeSupport.jar:/System/Library/Java/JavaVirtualMachines/1.6.0.jdk/Contents/Classes/ui.jar:/System/Library/Java/JavaVirtualMachines/1.6.0.jdk/Contents/Classes/laf.jar:/System/Library/Java/JavaVirtualMachines/1.6.0.jdk/Contents/Classes/sunrsasign.jar:/System/Library/Java/JavaVirtualMachines/1.6.0.jdk/Contents/Classes/jsse.jar:/System/Library/Java/JavaVirtualMachines/1.6.0.jdk/Contents/Classes/jce.jar:/System/Library/Java/JavaVirtualMachines/1.6.0.jdk/Contents/Classes/charsets.jar" />
    <property name="java.vm.specification.vendor" value="Sun Microsystems Inc." />
    <property name="ant.file.type.Practica2" value="file" />
    <property name="ant.home" value="/usr/share/ant" />
    <property name="java.runtime.version" value="1.6.0_29-b11-402-11M3527" />
    <property name="user.name" value="lolapriego" />
    <property name="awt.nativeDoubleBuffering" value="true" />
    <property name="build.dir" value="build/" />
    <property name="user.language" value="en" />
    <property name="sun.boot.library.path" value="/System/Library/Java/JavaVirtualMachines/1.6.0.jdk/Contents/Libraries" />
    <property name="ant.project.default-target" value="reportTODO" />
    <property name="ant.project.name" value="Practica2" />
    <property name="java.version" value="1.6.0_29" />
    <property name="user.timezone" value="" />
    <property name="sun.arch.data.model" value="64" />
    <property name="http.nonProxyHosts" value="local|*.local|169.254/16|*.169.254/16" />
    <property name="java.endorsed.dirs" value="/System/Library/Java/JavaVirtualMachines/1.6.0.jdk/Contents/Home/lib/endorsed" />
    <property name="sun.cpu.isalist" value="" />
    <property name="sun.jnu.encoding" value="MacRoman" />
    <property name="file.encoding.pkg" value="sun.io" />
    <property name="file.separator" value="/" />
    <property name="java.specification.name" value="Java Platform API Specification" />
    <property name="java.class.version" value="50.0" />
    <property name="user.country" value="US" />
    <property name="java.home" value="/System/Library/Java/JavaVirtualMachines/1.6.0.jdk/Contents/Home" />
    <property name="java.vm.info" value="mixed mode" />
    <property name="ant.file" value="/Users/lolapriego/Escuela/Pruebas-con-JUnit/build.xml" />
    <property name="os.version" value="10.7.2" />
    <property name="path.separator" value=":" />
    <property name="java.vm.version" value="20.4-b02-402" />
    <property name="report.dir" value="reports" />
    <property name="ant.library.dir" value="/usr/share/ant/lib" />
    <property name="java.awt.printerjob" value="apple.awt.CPrinterJob" />
    <property name="sun.io.unicode.encoding" value="UnicodeLittle" />
    <property name="awt.toolkit" value="apple.awt.CToolkit" />
    <property name="socksNonProxyHosts" value="local|*.local|169.254/16|*.169.254/16" />
    <property name="ftp.nonProxyHosts" value="local|*.local|169.254/16|*.169.254/16" />
    <property name="user.home" value="/Users/lolapriego" />
    <property name="java.specification.vendor" value="Sun Microsystems Inc." />
    <property name="test.dir" value="build/testclasses" />
    <property name="java.library.path" value=".:/Library/Java/Extensions:/System/Library/Java/Extensions:/usr/lib/java" />
    <property name="java.vendor.url" value="http://www.apple.com/" />
    <property name="java.vm.vendor" value="Apple Inc." />
    <property name="gopherProxySet" value="false" />
    <property name="java.runtime.name" value="Java(TM) SE Runtime Environment" />
    <property name="sun.java.command" value="org.apache.tools.ant.taskdefs.optional.junit.JUnitTestRunner test.evaluador.Sintaxis.TestEval filtertrace=true haltOnError=false haltOnFailure=false formatter=org.apache.tools.ant.taskdefs.optional.junit.SummaryJUnitResultFormatter showoutput=false outputtoformatters=true logfailedtests=true logtestlistenerevents=false formatter=org.apache.tools.ant.taskdefs.optional.junit.XMLJUnitResultFormatter,/Users/lolapriego/Escuela/Pruebas-con-JUnit/reports/TEST-test.evaluador.Sintaxis.TestEval.xml crashfile=/Users/lolapriego/Escuela/Pruebas-con-JUnit/junitvmwatcher7522778121470119024.properties propsfile=/Users/lolapriego/Escuela/Pruebas-con-JUnit/junit1849583816490665048.properties" />
    <property name="java.class.path" value="/Users/lolapriego/Escuela/Pruebas-con-JUnit/build/testclasses:/Users/lolapriego/Escuela/Pruebas-con-JUnit/junit-4.10.jar:/Users/lolapriego/Escuela/Pruebas-con-JUnit/build/lib/evaluador.jar:/usr/share/java/ant-1.8.2/lib/ant-launcher.jar:/usr/share/ant/lib/ant.jar:/usr/share/ant/lib/ant-junit.jar:/usr/share/ant/lib/ant-junit4.jar" />
    <property name="ant.version" value="Apache Ant(TM) version 1.8.2 compiled on June 3 2011" />
    <property name="app.name" value="evaluador" />
    <property name="java.vm.specification.name" value="Java Virtual Machine Specification" />
    <property name="ant.file.type" value="file" />
    <property name="java.vm.specification.version" value="1.0" />
    <property name="sun.cpu.endian" value="little" />
    <property name="sun.os.patch.level" value="unknown" />
    <property name="src.test" value="src" />
    <property name="java.io.tmpdir" value="/var/folders/0r/d8hh8np12b7gh6jwfpbkgp500000gn/T/" />
    <property name="java.vendor.url.bug" value="http://bugreport.apple.com/" />
    <property name="mrj.build" value="11M3527" />
    <property name="ant.file.Practica2" value="/Users/lolapriego/Escuela/Pruebas-con-JUnit/build.xml" />
    <property name="os.arch" value="x86_64" />
    <property name="java.awt.graphicsenv" value="apple.awt.CGraphicsEnvironment" />
    <property name="java.ext.dirs" value="/Library/Java/Extensions:/System/Library/Java/Extensions:/System/Library/Java/JavaVirtualMachines/1.6.0.jdk/Contents/Home/lib/ext" />
    <property name="mrj.version" value="1070.1.6.0_29-402" />
    <property name="user.dir" value="/Users/lolapriego/Escuela/Pruebas-con-JUnit" />
    <property name="line.separator" value="&#xa;" />
    <property name="java.vm.name" value="Java HotSpot(TM) 64-Bit Server VM" />
    <property name="basedir" value="/Users/lolapriego/Escuela/Pruebas-con-JUnit" />
    <property name="ant.java.version" value="1.6" />
    <property name="ant.core.lib" value="/usr/share/ant/lib/ant.jar" />
    <property name="file.encoding" value="MacRoman" />
    <property name="java.specification.version" value="1.6" />
    <property name="ant.project.invoked-targets" value="reportTODO" />
    <property name="javadoc.dir" value="doc" />
    <property name="junit" value="/Users/lolapriego/Escuela/Pruebas-con-JUnit/junit-4.10.jar" />
  </properties>
  <testcase classname="test.evaluador.Sintaxis.TestEval" name="testSumaEnterosDaUnEntero" time="0.0080" />
  <testcase classname="test.evaluador.Sintaxis.TestEval" name="testSumaEnteros" time="0.0010" />
  <testcase classname="test.evaluador.Sintaxis.TestEval" name="testRestaEnterosDaUnEntero" time="0.0" />
  <testcase classname="test.evaluador.Sintaxis.TestEval" name="testRestaEnteros" time="0.0010" />
  <testcase classname="test.evaluador.Sintaxis.TestEval" name="testMultiplicaEnterosDaUnEntero" time="0.0" />
  <testcase classname="test.evaluador.Sintaxis.TestEval" name="testMultiplicaEnteros" time="0.0" />
  <testcase classname="test.evaluador.Sintaxis.TestEval" name="testDivideEnterosDaUnEntero" time="0.0" />
  <testcase classname="test.evaluador.Sintaxis.TestEval" name="testDivideEnteros" time="0.0" />
  <testcase classname="test.evaluador.Sintaxis.TestEval" name="testModuloEnterosDaUnEntero" time="0.0010" />
  <testcase classname="test.evaluador.Sintaxis.TestEval" name="testModuloEnteros" time="0.0" />
  <testcase classname="test.evaluador.Sintaxis.TestEval" name="testSumaRealesDaUnReal" time="0.0010" />
  <testcase classname="test.evaluador.Sintaxis.TestEval" name="testSumaReales" time="0.0" />
  <testcase classname="test.evaluador.Sintaxis.TestEval" name="testRestaRealesDaUnReal" time="0.0" />
  <testcase classname="test.evaluador.Sintaxis.TestEval" name="testRestaReales" time="0.0" />
  <testcase classname="test.evaluador.Sintaxis.TestEval" name="testMultiplicaRealesDaUnReal" time="0.0" />
  <testcase classname="test.evaluador.Sintaxis.TestEval" name="testMultiplicaReales" time="0.0" />
  <testcase classname="test.evaluador.Sintaxis.TestEval" name="testDivideRealesDaUnReal" time="0.0010" />
  <testcase classname="test.evaluador.Sintaxis.TestEval" name="testDivideReales" time="0.0" />
  <testcase classname="test.evaluador.Sintaxis.TestEval" name="testExponenciaRealesDaUnReal" time="0.0" />
  <testcase classname="test.evaluador.Sintaxis.TestEval" name="testExponenciaReales" time="0.0010" />
  <testcase classname="test.evaluador.Sintaxis.TestEval" name="testSumaRealMasEnteroDaUnReal" time="0.0" />
  <testcase classname="test.evaluador.Sintaxis.TestEval" name="testSumaRealMasEntero" time="0.0" />
  <testcase classname="test.evaluador.Sintaxis.TestEval" name="testRestaRealYEnteroDaUnReal" time="0.0010" />
  <testcase classname="test.evaluador.Sintaxis.TestEval" name="testRestaRealYEntero" time="0.0" />
  <testcase classname="test.evaluador.Sintaxis.TestEval" name="testMultiplicaRealYEnteroDaUnReal" time="0.0" />
  <testcase classname="test.evaluador.Sintaxis.TestEval" name="testMultiplicaRealYEntero" time="0.0" />
  <testcase classname="test.evaluador.Sintaxis.TestEval" name="testDivideRealYEnteroDaUnReal" time="0.0" />
  <testcase classname="test.evaluador.Sintaxis.TestEval" name="testDivideRealYEntero" time="0.0" />
  <testcase classname="test.evaluador.Sintaxis.TestEval" name="testExponenciaRealYEnteroDaUnReal" time="0.0" />
  <testcase classname="test.evaluador.Sintaxis.TestEval" name="testExponenciaRealYEntero" time="0.0" />
  <testcase classname="test.evaluador.Sintaxis.TestEval" name="testExponenciaEnteroYRealDaUnReal" time="0.0" />
  <testcase classname="test.evaluador.Sintaxis.TestEval" name="testExponenciaEnteroYReal" time="0.0" />
  <testcase classname="test.evaluador.Sintaxis.TestEval" name="testMenosUnarioReal" time="0.0" />
  <testcase classname="test.evaluador.Sintaxis.TestEval" name="testMenosUnarioEntero" time="0.0" />
  <testcase classname="test.evaluador.Sintaxis.TestEval" name="testExclamacionUnarioEntero" time="0.0" />
  <testcase classname="test.evaluador.Sintaxis.TestEval" name="testAgrupaExponentesCorrecto" time="0.0" />
  <testcase classname="test.evaluador.Sintaxis.TestEval" name="testExpresionComplejaTodos" time="0.0010" />
  <testcase classname="test.evaluador.Sintaxis.TestEval" name="testExpresionPrioridadesAlReves" time="0.0" />
  <testcase classname="test.evaluador.Sintaxis.TestEval" name="testEvaluaDosExpresiones" time="0.0010" />
  <testcase classname="test.evaluador.Sintaxis.TestEval" name="testAsignaExpresionReal" time="0.0010" />
  <testcase classname="test.evaluador.Sintaxis.TestEval" name="testAsignaExpresionEntera" time="0.0" />
  <testcase classname="test.evaluador.Sintaxis.TestEval" name="testDevuelveValorVariableEntera" time="0.0010" />
  <testcase classname="test.evaluador.Sintaxis.TestEval" name="testDevuelveValorVariableReal" time="0.0" />
  <testcase classname="test.evaluador.Sintaxis.TestEval" name="testAsignaSinDeclararReal" time="0.0010" />
  <testcase classname="test.evaluador.Sintaxis.TestEval" name="testAsignaSinDeclararEntero" time="0.0" />
  <testcase classname="test.evaluador.Sintaxis.TestEval" name="testDeclaraEnteroYaDeclarado" time="0.0030">
    <failure message="Deja declarar dos veces la misma variable entera x: 3" type="junit.framework.AssertionFailedError">junit.framework.AssertionFailedError: Deja declarar dos veces la misma variable entera x: 3
	at test.evaluador.Sintaxis.TestEval.testDeclaraEnteroYaDeclarado(Unknown Source)
</failure>
  </testcase>
  <testcase classname="test.evaluador.Sintaxis.TestEval" name="testDeclaraRealYaDeclarado" time="0.0">
    <failure message="Deja declarar dos veces la misma variable real x: 3.0" type="junit.framework.AssertionFailedError">junit.framework.AssertionFailedError: Deja declarar dos veces la misma variable real x: 3.0
	at test.evaluador.Sintaxis.TestEval.testDeclaraRealYaDeclarado(Unknown Source)
</failure>
  </testcase>
  <testcase classname="test.evaluador.Sintaxis.TestEval" name="testDeclaraRealNoInicializado" time="0.0" />
  <testcase classname="test.evaluador.Sintaxis.TestEval" name="testDeclaraEnteroNoInicializado" time="0.0" />
  <system-out><![CDATA[]]></system-out>
  <system-err><![CDATA[]]></system-err>
</testsuite>
